<?xml version="1.0" encoding="UTF-8"?>
<!-- Generated by org.testng.reporters.JUnitReportReporter -->
<testsuite hostname="NBSP06073Y-TP" name="Selenium_Framework.FirstProject.login" tests="1" failures="0" timestamp="17 Oct 2021 14:17:17 GMT" time="2.198" errors="0">
  <testcase name="fail" time="2.198" classname="Selenium_Framework.FirstProject.login"/>
</testsuite> <!-- Selenium_Framework.FirstProject.login -->
